2018-07-30 07:20:06 +0000  Initial pipeline context: <IDEDistributionProcessingPipelineContext: 0x7ffd8f4932f0; archive(resolved)='<IDEArchive: 0x7ffd8af30ab0>', distributionTask(resolved)='2', distributionMethod(resolved)='<IDEDistributionMethodiOSAppStoreExport: 0x7ffd8af5cf50>', team(resolved)='<IDEProvisioningBasicTeam: 0x7ffd8f63cca0; teamID='CDH983Z99L', teamName='ALLBEST SOFTWARE CO., LTD.'>'>
	Chain (11, self inclusive):
	<IDEDistributionProcessingPipelineContext: 0x7ffd8f4932f0; archive = '<IDEArchive: 0x7ffd8af30ab0>', distributionMethod='<IDEDistributionMethodiOSAppStoreExport: 0x7ffd8af5cf50>', team='<IDEProvisioningBasicTeam: 0x7ffd8f63cca0; teamID='CDH983Z99L', teamName='ALLBEST SOFTWARE CO., LTD.'>'>
	<IDEDistributionProcessingPipelineContext: 0x7ffd8ca6efb0; archive = '<IDEArchive: 0x7ffd8af30ab0>', distributionMethod='<IDEDistributionMethodiOSAppStoreExport: 0x7ffd8af5cf50>', team='<IDEProvisioningBasicTeam: 0x7ffd8f63cca0; teamID='CDH983Z99L', teamName='ALLBEST SOFTWARE CO., LTD.'>'>
	<IDEDistributionContext: 0x7ffd8f85f1b0; archive = '<IDEArchive: 0x7ffd8af30ab0>', distributionMethod='<IDEDistributionMethodiOSAppStoreExport: 0x7ffd8af5cf50>', team='<IDEProvisioningBasicTeam: 0x7ffd8f63cca0; teamID='CDH983Z99L', teamName='ALLBEST SOFTWARE CO., LTD.'>'>
	<IDEDistributionContext: 0x7ffd8f6ab8c0; archive = '<IDEArchive: 0x7ffd8af30ab0>', distributionMethod='<IDEDistributionMethodiOSAppStoreExport: 0x7ffd8af5cf50>', team='<IDEProvisioningBasicTeam: 0x7ffd8f63cca0; teamID='CDH983Z99L', teamName='ALLBEST SOFTWARE CO., LTD.'>'>
	<IDEDistributionContext: 0x7ffd8f60e130; archive = '<IDEArchive: 0x7ffd8af30ab0>', distributionMethod='<IDEDistributionMethodiOSAppStoreExport: 0x7ffd8af5cf50>', team='<IDEProvisioningBasicTeam: 0x7ffd8f63cca0; teamID='CDH983Z99L', teamName='ALLBEST SOFTWARE CO., LTD.'>'>
	<IDEDistributionContext: 0x7ffd8b802910; archive = '<IDEArchive: 0x7ffd8af30ab0>', distributionMethod='<IDEDistributionMethodiOSAppStoreExport: 0x7ffd8af5cf50>', team='<IDEProvisioningBasicTeam: 0x7ffd8f63cca0; teamID='CDH983Z99L', teamName='ALLBEST SOFTWARE CO., LTD.'>'>
	<IDEDistributionContext: 0x7ffd8bbbf230; archive = '<IDEArchive: 0x7ffd8af30ab0>', distributionMethod='<IDEDistributionMethodiOSAppStoreExport: 0x7ffd8af5cf50>', team='<IDEProvisioningBasicTeam: 0x7ffd8f63cca0; teamID='CDH983Z99L', teamName='ALLBEST SOFTWARE CO., LTD.'>'>
	<IDEDistributionContext: 0x7ffd8f931d60; archive = '<IDEArchive: 0x7ffd8af30ab0>', distributionMethod='<IDEDistributionMethodiOSAppStoreExport: 0x7ffd8af5cf50>', team='<IDEProvisioningBasicTeam: 0x7ffd8f63cca0; teamID='CDH983Z99L', teamName='ALLBEST SOFTWARE CO., LTD.'>'>
	<IDEDistributionContext: 0x7ffd8f38fd30; archive = '<IDEArchive: 0x7ffd8af30ab0>', distributionMethod='<IDEDistributionMethodiOSAppStoreExport: 0x7ffd8af5cf50>', team='<IDEProvisioningBasicTeam: 0x7ffd8f63cca0; teamID='CDH983Z99L', teamName='ALLBEST SOFTWARE CO., LTD.'>'>
	<IDEDistributionContext: 0x7ffd8f82ffd0; archive = '<IDEArchive: 0x7ffd8af30ab0>', distributionMethod='<IDEDistributionMethodiOSAppStoreExport: 0x7ffd8af5cf50>', team='(null)'>
	<IDEDistributionContext: 0x7ffd8f661390; archive = '<IDEArchive: 0x7ffd8af30ab0>', distributionMethod='(null)', team='(null)'>
</IDEDistributionProcessingPipelineContext: 0x7ffd8f4932f0>
2018-07-30 07:20:06 +0000  Processing step: IDEDistributionCreateDestRootStep
2018-07-30 07:20:06 +0000  Processing step: IDEDistributionCopyItemStep
2018-07-30 07:20:06 +0000  Running /usr/bin/ditto '-V' '/Users/mini/Library/Developer/Xcode/Archives/2018-07-30/Detectnum 2018-7-30 下午3.17.xcarchive/Products/Applications/Detectnum.app' '/var/folders/vg/ccxb93q51_11kk778vkl9dxc0000gn/T/XcodeDistPipeline.exT/Root/Payload/Detectnum.app'
2018-07-30 07:20:06 +0000  >>> Copying /Users/mini/Library/Developer/Xcode/Archives/2018-07-30/Detectnum 2018-7-30 下午3.17.xcarchive/Products/Applications/Detectnum.app 
2018-07-30 07:20:06 +0000  copying file ./0@2x.jpg ... 
2018-07-30 07:20:06 +0000  246973 bytes for ./0@2x.jpg
copying file ./0@3x.jpg ... 
2018-07-30 07:20:06 +0000  495611 bytes for ./0@3x.jpg
copying file ./1@2x.jpg ... 
2018-07-30 07:20:06 +0000  505807 bytes for ./1@2x.jpg
copying file ./1@3x.jpg ... 
1051622 bytes for ./1@3x.jpg
copying file ./_CodeSignature/CodeResources ... 
18477 bytes for ./_CodeSignature/CodeResources
copying file ./AppIcon20x20@2x.png ... 
2821 bytes for ./AppIcon20x20@2x.png
copying file ./AppIcon20x20@2x~ipad.png ... 
2821 bytes for ./AppIcon20x20@2x~ipad.png
copying file ./AppIcon20x20@3x.png ... 
5199 bytes for ./AppIcon20x20@3x.png
copying file ./AppIcon20x20~ipad.png ... 
1021 bytes for ./AppIcon20x20~ipad.png
copying file ./AppIcon29x29.png ... 
1711 bytes for ./AppIcon29x29.png
copying file ./AppIcon29x29@2x.png ... 
2018-07-30 07:20:06 +0000  2018-07-30 07:20:06 +0000  /usr/bin/ditto exited with 0

2018-07-30 07:20:06 +0000  4834 bytes for ./AppIcon29x29@2x.png
copying file ./AppIcon29x29@2x~ipad.png ... 
4834 bytes for ./AppIcon29x29@2x~ipad.png
copying file ./AppIcon29x29@3x.png ... 
9113 bytes for ./AppIcon29x29@3x.png
copying file ./AppIcon29x29~ipad.png ... 
1711 bytes for ./AppIcon29x29~ipad.png
copying file ./AppIcon40x40@2x.png ... 
8075 bytes for ./AppIcon40x40@2x.png
copying file ./AppIcon40x40@2x~ipad.png ... 
8075 bytes for ./AppIcon40x40@2x~ipad.png
copying file ./AppIcon40x40@3x.png ... 
14357 bytes for ./AppIcon40x40@3x.png
copying file ./AppIcon40x40~ipad.png ... 
2821 bytes for ./AppIcon40x40~ipad.png
copying file ./AppIcon50x50@2x~ipad.png ... 
11017 bytes for ./AppIcon50x50@2x~ipad.png
copying file ./AppIcon50x50~ipad.png ... 
3958 bytes for ./AppIcon50x50~ipad.png
copying file ./AppIcon57x57.png ... 
4757 bytes for ./AppIcon57x57.png
copying file ./AppIcon57x57@2x.png ... 
13433 bytes for ./AppIcon57x57@2x.png
copying file ./AppIcon60x60@2x.png ... 
14357 bytes for ./AppIcon60x60@2x.png
copying file ./AppIcon60x60@3x.png ... 
25019 bytes for ./AppIcon60x60@3x.png
copying file ./AppIcon72x72@2x~ipad.png ... 
17089 bytes for ./AppIcon72x72@2x~ipad.png
copying file ./AppIcon72x72~ipad.png ... 
6932 bytes for ./AppIcon72x72~ipad.png
copying file ./AppIcon76x76@2x~ipad.png ... 
18795 bytes for ./AppIcon76x76@2x~ipad.png
copying file ./AppIcon76x76~ipad.png ... 
7435 bytes for ./AppIcon76x76~ipad.png
copying file ./AppIcon83.5x83.5@2x~ipad.png ... 
22114 bytes for ./AppIcon83.5x83.5@2x~ipad.png
copying file ./Assets.car ... 
781000 bytes for ./Assets.car
copying file ./connected.mp3 ... 
23182 bytes for ./connected.mp3
copying file ./Detectnum ... 
1584912 bytes for ./Detectnum
copying file ./embedded.mobileprovision ... 
19869 bytes for ./embedded.mobileprovision
copying file ./en.lproj/InfoPlist.strings ... 
76 bytes for ./en.lproj/InfoPlist.strings
copying file ./en.lproj/Localizable.strings ... 
80 bytes for ./en.lproj/Localizable.strings
copying file ./Info.plist ... 
1957 bytes for ./Info.plist
copying file ./launch.png ... 
18974 bytes for ./launch.png
copying file ./LaunchImage-1100-Portrait-2436h@3x.png ... 
118815 bytes for ./LaunchImage-1100-Portrait-2436h@3x.png
copying file ./LaunchImage-568h@2x.png ... 
18974 bytes for ./LaunchImage-568h@2x.png
copying file ./LaunchImage-700-568h@2x.png ... 
18974 bytes for ./LaunchImage-700-568h@2x.png
copying file ./LaunchImage-700@2x.png ... 
22200 bytes for ./LaunchImage-700@2x.png
copying file ./LaunchImage-800-667h@2x.png ... 
46292 bytes for ./LaunchImage-800-667h@2x.png
copying file ./LaunchImage-800-Portrait-736h@3x.png ... 
116062 bytes for ./LaunchImage-800-Portrait-736h@3x.png
copying file ./LaunchImage.png ... 
6884 bytes for ./LaunchImage.png
copying file ./LaunchImage@2x.png ... 
22200 bytes for ./LaunchImage@2x.png
copying file ./left.png ... 
1291 bytes for ./left.png
copying file ./pick_bg.png ... 
4534 bytes for ./pick_bg.png
copying file ./pick_bg@2x.png ... 
6239 bytes for ./pick_bg@2x.png
copying file ./PkgInfo ... 
8 bytes for ./PkgInfo
copying file ./ResultList.plist ... 
827206 bytes for ./ResultList.plist
copying file ./right.png ... 
1287 bytes for ./right.png
copying file ./start@2x.jpg ... 
318819 bytes for ./start@2x.jpg
copying file ./start@3x.jpg ... 
661068 bytes for ./start@3x.jpg
copying file ./zh-Hans.lproj/InfoPlist.strings ... 
76 bytes for ./zh-Hans.lproj/InfoPlist.strings
copying file ./zh-Hans.lproj/Localizable.strings ... 
80 bytes for ./zh-Hans.lproj/Localizable.strings
copying file ./協進公司標題.png ... 
9706 bytes for ./協進公司標題.png
copying file ./協進公司標題@2x.png ... 
31681 bytes for ./協進公司標題@2x.png
2018-07-30 07:20:06 +0000  Processing step: IDEDistributionEmbedProfileStep
2018-07-30 07:20:06 +0000  Processing step: IDEDistributionItemRemovalStep
2018-07-30 07:20:06 +0000  Processing step: IDEDistributionAppThinningPlistStep
2018-07-30 07:20:06 +0000  Skipping step: IDEDistributionAppThinningPlistStep because it said so
2018-07-30 07:20:06 +0000  Processing step: IDEDistributionCompileBitcodeStep
2018-07-30 07:20:06 +0000  Skipping step: IDEDistributionCompileBitcodeStep because it said so
2018-07-30 07:20:06 +0000  Processing step: IDEDistributionCodeSlimmingStep
2018-07-30 07:20:06 +0000  Processing step: IDEDistributionCopyBCSymbolMapsStep
2018-07-30 07:20:06 +0000  Processing step: IDEDistributionSymbolsStep
2018-07-30 07:20:06 +0000  Processing symbols for Detectnum.app
2018-07-30 07:20:06 +0000  Running /usr/bin/rsync '-8aPhhE' '/var/folders/vg/ccxb93q51_11kk778vkl9dxc0000gn/T/XcodeDistPipeline.exT/Root/Payload/Detectnum.app' '--link-dest' '/var/folders/vg/ccxb93q51_11kk778vkl9dxc0000gn/T/XcodeDistPipeline.exT/Root/Payload' '/var/folders/vg/ccxb93q51_11kk778vkl9dxc0000gn/T/XcodeDistPipeline.exT'
2018-07-30 07:20:06 +0000  building file list ... 
2018-07-30 07:20:06 +0000   0 files...2018-07-30 07:20:06 +0000  61 files to consider
2018-07-30 07:20:06 +0000  Detectnum.app/
2018-07-30 07:20:06 +0000  Detectnum.app/_CodeSignature/
Detectnum.app/en.lproj/
2018-07-30 07:20:06 +0000  Detectnum.app/zh-Hans.lproj/
2018-07-30 07:20:06 +0000  
sent 1.42K bytes  received 44 bytes  2.92K bytes/sec
total size is 6.85M  speedup is 4800.10
2018-07-30 07:20:06 +0000  
2018-07-30 07:20:06 +0000  2018-07-30 07:20:06 +0000  /usr/bin/rsync exited with 0

2018-07-30 07:20:06 +0000  2018-07-30 07:20:06 +0000  

2018-07-30 07:20:06 +0000  Running /usr/bin/rsync '-8aPhhE' '/Users/mini/Library/Developer/Xcode/Archives/2018-07-30/Detectnum 2018-7-30 下午3.17.xcarchive/dSYMs/' '--link-dest' '/Users/mini/Library/Developer/Xcode/Archives/2018-07-30/Detectnum 2018-7-30 下午3.17.xcarchive/dSYMs/' '/var/folders/vg/ccxb93q51_11kk778vkl9dxc0000gn/T/XcodeDistPipeline.exT'
2018-07-30 07:20:06 +0000  building file list ... 
2018-07-30 07:20:06 +0000   0 files...2018-07-30 07:20:06 +0000  7 files to consider
2018-07-30 07:20:06 +0000  ./
2018-07-30 07:20:06 +0000  Detectnum.app.dSYM/
Detectnum.app.dSYM/Contents/
2018-07-30 07:20:06 +0000  Detectnum.app.dSYM/Contents/Resources/
Detectnum.app.dSYM/Contents/Resources/DWARF/
2018-07-30 07:20:06 +0000  
sent 228 bytes  received 50 bytes  556.00 bytes/sec
2018-07-30 07:20:06 +0000  total size is 5.48M  speedup is 20680.96
2018-07-30 07:20:06 +0000  
2018-07-30 07:20:06 +0000  
2018-07-30 07:20:06 +0000  2018-07-30 07:20:06 +0000  /usr/bin/rsync exited with 0

2018-07-30 07:20:06 +0000  
2018-07-30 07:20:06 +0000  Running /Applications/Xcode.app/Contents/Developer/usr/bin/symbols '-noTextInSOD' '-noDaemon' '-arch' 'all' '-symbolsPackageDir' '/var/folders/vg/ccxb93q51_11kk778vkl9dxc0000gn/T/XcodeDistPipeline.exT/Symbols' '/var/folders/vg/ccxb93q51_11kk778vkl9dxc0000gn/T/XcodeDistPipeline.exT/Detectnum.app.dSYM/Contents/Resources/Dwarf/Detectnum'
2018-07-30 07:20:06 +0000  /var/folders/vg/ccxb93q51_11kk778vkl9dxc0000gn/T/XcodeDistPipeline.exT/Detectnum.app.dSYM/Contents/Resources/Dwarf/Detectnum [armv7, 0.033519 seconds]:
/var/folders/vg/ccxb93q51_11kk778vkl9dxc0000gn/T/XcodeDistPipeline.exT/Detectnum.app.dSYM/Contents/Resources/Dwarf/Detectnum [arm64, 0.033519 seconds]:
2018-07-30 07:20:06 +0000  
2018-07-30 07:20:06 +0000  2018-07-30 07:20:06 +0000  /Applications/Xcode.app/Contents/Developer/usr/bin/symbols exited with 0

2018-07-30 07:20:06 +0000  
2018-07-30 07:20:06 +0000  Processing step: IDEDistributionCopyAppleProvidedContentStep
2018-07-30 07:20:06 +0000  Processing step: IDEDistributionAppThinningStep
2018-07-30 07:20:06 +0000  Skipping step: IDEDistributionAppThinningStep because it said so
2018-07-30 07:20:06 +0000  Processing step: IDEDistributionODRStep
2018-07-30 07:20:06 +0000  Processing step: IDEDistributionStripXattrsStep
2018-07-30 07:20:06 +0000  Running /usr/bin/xattr '-crs' '/var/folders/vg/ccxb93q51_11kk778vkl9dxc0000gn/T/XcodeDistPipeline.exT/Root/Payload/Detectnum.app'
2018-07-30 07:20:06 +0000  
2018-07-30 07:20:06 +0000  2018-07-30 07:20:06 +0000  /usr/bin/xattr exited with 0

2018-07-30 07:20:06 +0000  2018-07-30 07:20:06 +0000  

2018-07-30 07:20:06 +0000  Processing step: IDEDistributionCodesignStep
2018-07-30 07:20:06 +0000  Entitlements for <IDEDistributionItem: 0x7ffd8f6d0c80 'com.allbests.allscan' '<DVTFilePath:0x7ffd8beb2df0:'/Users/mini/Library/Developer/Xcode/Archives/2018-07-30/Detectnum 2018-7-30 下午3.17.xcarchive/Products/Applications/Detectnum.app'>'>: {
    "application-identifier" = "CDH983Z99L.com.allbests.allscan";
    "beta-reports-active" = 1;
    "com.apple.developer.team-identifier" = CDH983Z99L;
    "get-task-allow" = 0;
    "keychain-access-groups" =     (
        "CDH983Z99L.com.allbests.allscan"
    );
}
2018-07-30 07:20:06 +0000  Writing entitlements for <IDEDistributionItem: 0x7ffd8f6d0c80 'com.allbests.allscan' '<DVTFilePath:0x7ffd8beb2df0:'/Users/mini/Library/Developer/Xcode/Archives/2018-07-30/Detectnum 2018-7-30 下午3.17.xcarchive/Products/Applications/Detectnum.app'>'> to: /var/folders/vg/ccxb93q51_11kk778vkl9dxc0000gn/T/XcodeDistPipeline.exT/entitlementsrboPkR
2018-07-30 07:20:06 +0000  Running /usr/bin/codesign '-vvv' '--force' '--sign' 'C281E63F2DB518D19B8D8EF2203BEB33482DA377' '--preserve-metadata=identifier,flags' '--entitlements' '/var/folders/vg/ccxb93q51_11kk778vkl9dxc0000gn/T/XcodeDistPipeline.exT/entitlementsrboPkR' '/var/folders/vg/ccxb93q51_11kk778vkl9dxc0000gn/T/XcodeDistPipeline.exT/Root/Payload/Detectnum.app'
2018-07-30 07:20:06 +0000  /var/folders/vg/ccxb93q51_11kk778vkl9dxc0000gn/T/XcodeDistPipeline.exT/Root/Payload/Detectnum.app: replacing existing signature
2018-07-30 07:20:10 +0000  /var/folders/vg/ccxb93q51_11kk778vkl9dxc0000gn/T/XcodeDistPipeline.exT/Root/Payload/Detectnum.app: signed app bundle with Mach-O universal (armv7 arm64) [com.allbests.allscan]
2018-07-30 07:20:10 +0000  
2018-07-30 07:20:10 +0000  
2018-07-30 07:20:10 +0000  
2018-07-30 07:20:10 +0000  /usr/bin/codesign exited with 0
2018-07-30 07:20:10 +0000  2018-07-30 07:20:10 +0000  

2018-07-30 07:20:10 +0000  Processing step: IDEDistributionStreamingZipItemStep
2018-07-30 07:20:10 +0000  Skipping step: IDEDistributionStreamingZipItemStep because it said so
2018-07-30 07:20:10 +0000  Processing step: IDEDistributionCreateIPAStep
2018-07-30 07:20:10 +0000  Running /usr/bin/rsync '-8aPhhE' '/var/folders/vg/ccxb93q51_11kk778vkl9dxc0000gn/T/XcodeDistPipeline.exT/Symbols' '--link-dest' '/var/folders/vg/ccxb93q51_11kk778vkl9dxc0000gn/T/XcodeDistPipeline.exT' '/var/folders/vg/ccxb93q51_11kk778vkl9dxc0000gn/T/XcodeDistPipeline.exT/Root'
2018-07-30 07:20:10 +0000  building file list ... 
2018-07-30 07:20:10 +0000   0 files...2018-07-30 07:20:10 +0000  3 files to consider
2018-07-30 07:20:10 +0000  Symbols/
2018-07-30 07:20:10 +0000  
2018-07-30 07:20:10 +0000  sent 193 bytes  received 26 bytes  438.00 bytes/sec
total size is 594.95K  speedup is 2781.84
2018-07-30 07:20:10 +0000  
2018-07-30 07:20:10 +0000  
2018-07-30 07:20:10 +0000  /usr/bin/rsync exited with 0
2018-07-30 07:20:10 +0000  
2018-07-30 07:20:10 +0000  
2018-07-30 07:20:10 +0000  Running /usr/bin/ditto '-V' '-c' '-k' '--norsrc' '/var/folders/vg/ccxb93q51_11kk778vkl9dxc0000gn/T/XcodeDistPipeline.exT/Root' '/var/folders/vg/ccxb93q51_11kk778vkl9dxc0000gn/T/XcodeDistPipeline.exT/Packages/Detectnum.ipa'
2018-07-30 07:20:10 +0000  >>> Copying /var/folders/vg/ccxb93q51_11kk778vkl9dxc0000gn/T/XcodeDistPipeline.exT/Root 
2018-07-30 07:20:10 +0000  copying file ./Payload/Detectnum.app/0@2x.jpg ... 
2018-07-30 07:20:10 +0000  246973 bytes for ./Payload/Detectnum.app/0@2x.jpg
copying file ./Payload/Detectnum.app/0@3x.jpg ... 
2018-07-30 07:20:10 +0000  495611 bytes for ./Payload/Detectnum.app/0@3x.jpg
copying file ./Payload/Detectnum.app/1@2x.jpg ... 
2018-07-30 07:20:10 +0000  505807 bytes for ./Payload/Detectnum.app/1@2x.jpg
copying file ./Payload/Detectnum.app/1@3x.jpg ... 
2018-07-30 07:20:10 +0000  1051622 bytes for ./Payload/Detectnum.app/1@3x.jpg
2018-07-30 07:20:10 +0000  copying file ./Payload/Detectnum.app/_CodeSignature/CodeResources ... 
2018-07-30 07:20:10 +0000  18477 bytes for ./Payload/Detectnum.app/_CodeSignature/CodeResources
copying file ./Payload/Detectnum.app/AppIcon20x20@2x.png ... 
2018-07-30 07:20:10 +0000  2821 bytes for ./Payload/Detectnum.app/AppIcon20x20@2x.png
copying file ./Payload/Detectnum.app/AppIcon20x20@2x~ipad.png ... 
2018-07-30 07:20:10 +0000  2821 bytes for ./Payload/Detectnum.app/AppIcon20x20@2x~ipad.png
2018-07-30 07:20:10 +0000  copying file ./Payload/Detectnum.app/AppIcon20x20@3x.png ... 
2018-07-30 07:20:10 +0000  5199 bytes for ./Payload/Detectnum.app/AppIcon20x20@3x.png
copying file ./Payload/Detectnum.app/AppIcon20x20~ipad.png ... 
2018-07-30 07:20:10 +0000  1021 bytes for ./Payload/Detectnum.app/AppIcon20x20~ipad.png
2018-07-30 07:20:10 +0000  copying file ./Payload/Detectnum.app/AppIcon29x29.png ... 
2018-07-30 07:20:10 +0000  1711 bytes for ./Payload/Detectnum.app/AppIcon29x29.png
copying file ./Payload/Detectnum.app/AppIcon29x29@2x.png ... 
2018-07-30 07:20:10 +0000  4834 bytes for ./Payload/Detectnum.app/AppIcon29x29@2x.png
2018-07-30 07:20:10 +0000  copying file ./Payload/Detectnum.app/AppIcon29x29@2x~ipad.png ... 
2018-07-30 07:20:10 +0000  4834 bytes for ./Payload/Detectnum.app/AppIcon29x29@2x~ipad.png
copying file ./Payload/Detectnum.app/AppIcon29x29@3x.png ... 
2018-07-30 07:20:10 +0000  9113 bytes for ./Payload/Detectnum.app/AppIcon29x29@3x.png
2018-07-30 07:20:10 +0000  copying file ./Payload/Detectnum.app/AppIcon29x29~ipad.png ... 
2018-07-30 07:20:10 +0000  1711 bytes for ./Payload/Detectnum.app/AppIcon29x29~ipad.png
copying file ./Payload/Detectnum.app/AppIcon40x40@2x.png ... 
2018-07-30 07:20:10 +0000  8075 bytes for ./Payload/Detectnum.app/AppIcon40x40@2x.png
2018-07-30 07:20:10 +0000  copying file ./Payload/Detectnum.app/AppIcon40x40@2x~ipad.png ... 
2018-07-30 07:20:10 +0000  8075 bytes for ./Payload/Detectnum.app/AppIcon40x40@2x~ipad.png
2018-07-30 07:20:10 +0000  copying file ./Payload/Detectnum.app/AppIcon40x40@3x.png ... 
2018-07-30 07:20:10 +0000  14357 bytes for ./Payload/Detectnum.app/AppIcon40x40@3x.png
2018-07-30 07:20:10 +0000  copying file ./Payload/Detectnum.app/AppIcon40x40~ipad.png ... 
2018-07-30 07:20:10 +0000  2821 bytes for ./Payload/Detectnum.app/AppIcon40x40~ipad.png
copying file ./Payload/Detectnum.app/AppIcon50x50@2x~ipad.png ... 
2018-07-30 07:20:10 +0000  11017 bytes for ./Payload/Detectnum.app/AppIcon50x50@2x~ipad.png
2018-07-30 07:20:10 +0000  copying file ./Payload/Detectnum.app/AppIcon50x50~ipad.png ... 
2018-07-30 07:20:10 +0000  3958 bytes for ./Payload/Detectnum.app/AppIcon50x50~ipad.png
copying file ./Payload/Detectnum.app/AppIcon57x57.png ... 
2018-07-30 07:20:10 +0000  4757 bytes for ./Payload/Detectnum.app/AppIcon57x57.png
2018-07-30 07:20:10 +0000  copying file ./Payload/Detectnum.app/AppIcon57x57@2x.png ... 
2018-07-30 07:20:10 +0000  13433 bytes for ./Payload/Detectnum.app/AppIcon57x57@2x.png
2018-07-30 07:20:10 +0000  copying file ./Payload/Detectnum.app/AppIcon60x60@2x.png ... 
2018-07-30 07:20:10 +0000  14357 bytes for ./Payload/Detectnum.app/AppIcon60x60@2x.png
2018-07-30 07:20:10 +0000  copying file ./Payload/Detectnum.app/AppIcon60x60@3x.png ... 
2018-07-30 07:20:10 +0000  25019 bytes for ./Payload/Detectnum.app/AppIcon60x60@3x.png
copying file ./Payload/Detectnum.app/AppIcon72x72@2x~ipad.png ... 
2018-07-30 07:20:10 +0000  17089 bytes for ./Payload/Detectnum.app/AppIcon72x72@2x~ipad.png
2018-07-30 07:20:10 +0000  copying file ./Payload/Detectnum.app/AppIcon72x72~ipad.png ... 
2018-07-30 07:20:10 +0000  6932 bytes for ./Payload/Detectnum.app/AppIcon72x72~ipad.png
2018-07-30 07:20:10 +0000  copying file ./Payload/Detectnum.app/AppIcon76x76@2x~ipad.png ... 
2018-07-30 07:20:10 +0000  18795 bytes for ./Payload/Detectnum.app/AppIcon76x76@2x~ipad.png
2018-07-30 07:20:10 +0000  copying file ./Payload/Detectnum.app/AppIcon76x76~ipad.png ... 
2018-07-30 07:20:10 +0000  7435 bytes for ./Payload/Detectnum.app/AppIcon76x76~ipad.png
2018-07-30 07:20:10 +0000  copying file ./Payload/Detectnum.app/AppIcon83.5x83.5@2x~ipad.png ... 
2018-07-30 07:20:10 +0000  22114 bytes for ./Payload/Detectnum.app/AppIcon83.5x83.5@2x~ipad.png
copying file ./Payload/Detectnum.app/Assets.car ... 
2018-07-30 07:20:10 +0000  781000 bytes for ./Payload/Detectnum.app/Assets.car
copying file ./Payload/Detectnum.app/connected.mp3 ... 
2018-07-30 07:20:10 +0000  23182 bytes for ./Payload/Detectnum.app/connected.mp3
copying file ./Payload/Detectnum.app/Detectnum ... 
2018-07-30 07:20:10 +0000  1584976 bytes for ./Payload/Detectnum.app/Detectnum
2018-07-30 07:20:10 +0000  copying file ./Payload/Detectnum.app/embedded.mobileprovision ... 
2018-07-30 07:20:10 +0000  7577 bytes for ./Payload/Detectnum.app/embedded.mobileprovision
copying file ./Payload/Detectnum.app/en.lproj/InfoPlist.strings ... 
76 bytes for ./Payload/Detectnum.app/en.lproj/InfoPlist.strings
copying file ./Payload/Detectnum.app/en.lproj/Localizable.strings ... 
80 bytes for ./Payload/Detectnum.app/en.lproj/Localizable.strings
copying file ./Payload/Detectnum.app/Info.plist ... 
2018-07-30 07:20:10 +0000  1957 bytes for ./Payload/Detectnum.app/Info.plist
copying file ./Payload/Detectnum.app/launch.png ... 
2018-07-30 07:20:10 +0000  18974 bytes for ./Payload/Detectnum.app/launch.png
2018-07-30 07:20:10 +0000  copying file ./Payload/Detectnum.app/LaunchImage-1100-Portrait-2436h@3x.png ... 
2018-07-30 07:20:10 +0000  118815 bytes for ./Payload/Detectnum.app/LaunchImage-1100-Portrait-2436h@3x.png
2018-07-30 07:20:10 +0000  copying file ./Payload/Detectnum.app/LaunchImage-568h@2x.png ... 
2018-07-30 07:20:10 +0000  18974 bytes for ./Payload/Detectnum.app/LaunchImage-568h@2x.png
2018-07-30 07:20:10 +0000  copying file ./Payload/Detectnum.app/LaunchImage-700-568h@2x.png ... 
2018-07-30 07:20:10 +0000  18974 bytes for ./Payload/Detectnum.app/LaunchImage-700-568h@2x.png
2018-07-30 07:20:10 +0000  copying file ./Payload/Detectnum.app/LaunchImage-700@2x.png ... 
2018-07-30 07:20:10 +0000  22200 bytes for ./Payload/Detectnum.app/LaunchImage-700@2x.png
copying file ./Payload/Detectnum.app/LaunchImage-800-667h@2x.png ... 
2018-07-30 07:20:10 +0000  46292 bytes for ./Payload/Detectnum.app/LaunchImage-800-667h@2x.png
copying file ./Payload/Detectnum.app/LaunchImage-800-Portrait-736h@3x.png ... 
2018-07-30 07:20:10 +0000  116062 bytes for ./Payload/Detectnum.app/LaunchImage-800-Portrait-736h@3x.png
copying file ./Payload/Detectnum.app/LaunchImage.png ... 
2018-07-30 07:20:10 +0000  6884 bytes for ./Payload/Detectnum.app/LaunchImage.png
copying file ./Payload/Detectnum.app/LaunchImage@2x.png ... 
2018-07-30 07:20:10 +0000  22200 bytes for ./Payload/Detectnum.app/LaunchImage@2x.png
copying file ./Payload/Detectnum.app/left.png ... 
2018-07-30 07:20:10 +0000  1291 bytes for ./Payload/Detectnum.app/left.png
2018-07-30 07:20:10 +0000  copying file ./Payload/Detectnum.app/pick_bg.png ... 
2018-07-30 07:20:10 +0000  4534 bytes for ./Payload/Detectnum.app/pick_bg.png
copying file ./Payload/Detectnum.app/pick_bg@2x.png ... 
2018-07-30 07:20:10 +0000  6239 bytes for ./Payload/Detectnum.app/pick_bg@2x.png
2018-07-30 07:20:10 +0000  copying file ./Payload/Detectnum.app/PkgInfo ... 
8 bytes for ./Payload/Detectnum.app/PkgInfo
copying file ./Payload/Detectnum.app/ResultList.plist ... 
2018-07-30 07:20:10 +0000  827206 bytes for ./Payload/Detectnum.app/ResultList.plist
copying file ./Payload/Detectnum.app/right.png ... 
2018-07-30 07:20:10 +0000  1287 bytes for ./Payload/Detectnum.app/right.png
copying file ./Payload/Detectnum.app/start@2x.jpg ... 
2018-07-30 07:20:10 +0000  318819 bytes for ./Payload/Detectnum.app/start@2x.jpg
copying file ./Payload/Detectnum.app/start@3x.jpg ... 
2018-07-30 07:20:10 +0000  661068 bytes for ./Payload/Detectnum.app/start@3x.jpg
2018-07-30 07:20:10 +0000  copying file ./Payload/Detectnum.app/zh-Hans.lproj/InfoPlist.strings ... 
76 bytes for ./Payload/Detectnum.app/zh-Hans.lproj/InfoPlist.strings
2018-07-30 07:20:10 +0000  copying file ./Payload/Detectnum.app/zh-Hans.lproj/Localizable.strings ... 
80 bytes for ./Payload/Detectnum.app/zh-Hans.lproj/Localizable.strings
copying file ./Payload/Detectnum.app/協進公司標題.png ... 
2018-07-30 07:20:10 +0000  9706 bytes for ./Payload/Detectnum.app/協進公司標題.png
2018-07-30 07:20:10 +0000  copying file ./Payload/Detectnum.app/協進公司標題@2x.png ... 
2018-07-30 07:20:10 +0000  31681 bytes for ./Payload/Detectnum.app/協進公司標題@2x.png
2018-07-30 07:20:10 +0000  copying file ./Symbols/44768A5A-521B-36CA-B224-2C128DEA55E6.symbols ... 
2018-07-30 07:20:10 +0000  322496 bytes for ./Symbols/44768A5A-521B-36CA-B224-2C128DEA55E6.symbols
copying file ./Symbols/56C10FF0-81C7-3ED7-B15B-7EAE58B896B2.symbols ... 
2018-07-30 07:20:10 +0000  286728 bytes for ./Symbols/56C10FF0-81C7-3ED7-B15B-7EAE58B896B2.symbols
2018-07-30 07:20:10 +0000  2018-07-30 07:20:10 +0000  

2018-07-30 07:20:10 +0000  /usr/bin/ditto exited with 0
2018-07-30 07:20:10 +0000  
2018-07-30 07:20:10 +0000  Processing step: IDEDistributionCreateManifestStep
2018-07-30 07:20:10 +0000  Skipping step: IDEDistributionCreateManifestStep because it said so
